<?xml version="1.0" encoding="UTF-8"?>
<testsuite name="FindNumber" tests="1" skipped="0" failures="0" errors="0" timestamp="2022-08-12T00:10:26" hostname="DESKTOP-T4G9CBI" time="0.014">
  <properties/>
  <testcase name="findNumber()" classname="FindNumber" time="0.014"/>
  <system-out><![CDATA[]]></system-out>
  <system-err><![CDATA[]]></system-err>
</testsuite>
